<?xml version="1.0" encoding="UTF-8"?>
<testng-results skipped="0" failed="0" ignored="0" total="1" passed="1">
  <reporter-output>
  </reporter-output>
  <suite name="example suite 1" duration-ms="17022" started-at="2020-06-26T15:15:37 IST" finished-at="2020-06-26T15:15:54 IST">
    <groups>
    </groups>
    <test name="Regression suite 1" duration-ms="17022" started-at="2020-06-26T15:15:37 IST" finished-at="2020-06-26T15:15:54 IST">
      <class name="demo.Demo">
        <test-method status="PASS" signature="Automation()[pri:0, instance:demo.Demo@3b088d51]" name="Automation" duration-ms="16987" started-at="2020-06-26T15:15:37 IST" finished-at="2020-06-26T15:15:54 IST">
          <reporter-output>
          </reporter-output>
        </test-method> <!-- Automation -->
      </class> <!-- demo.Demo -->
    </test> <!-- Regression suite 1 -->
  </suite> <!-- example suite 1 -->
</testng-results>
